<?xml version="1.0" encoding="UTF-8"?>
<testng-results ignored="0" total="1" passed="1" failed="0" skipped="0">
  <reporter-output>
    <line>
      <![CDATA[Extent Report DirectoryC:\Users\mahbu\IdeaProjects\TDD_FrameWork_eBay_2022\target\surefire-reports\html]]>
    </line>
    <line>
      <![CDATA[Browser : chrome]]>
    </line>
    <line>
      <![CDATA[Url : https://www.ebay.com/]]>
    </line>
  </reporter-output>
  <suite started-at="2022-07-23T20:27:50 EDT" name="ebay Test Suite" finished-at="2022-07-23T20:28:14 EDT" duration-ms="24154">
    <groups>
    </groups>
    <test started-at="2022-07-23T20:27:50 EDT" name="ebay Web Automation" finished-at="2022-07-23T20:28:14 EDT" duration-ms="24154">
      <class name="com.ebay.testPages.HomePageTest.HomePageNewTest">
        <test-method is-config="true" signature="extentSetup(org.testng.ITestContext)[pri:0, instance:com.ebay.testPages.HomePageTest.HomePageNewTest@909217e]" started-at="2022-07-23T20:27:49 EDT" name="extentSetup" finished-at="2022-07-23T20:27:50 EDT" duration-ms="214" status="PASS">
          <params>
            <param index="0">
              <value>
                <![CDATA[org.testng.TestRunner@380e1909]]>
              </value>
            </param>
          </params>
          <reporter-output>
            <line>
              <![CDATA[Extent Report DirectoryC:\Users\mahbu\IdeaProjects\TDD_FrameWork_eBay_2022\target\surefire-reports\html]]>
            </line>
          </reporter-output>
        </test-method> <!-- extentSetup -->
        <test-method is-config="true" signature="setUpAutomation()[pri:0, instance:com.ebay.testPages.HomePageTest.HomePageNewTest@909217e]" started-at="2022-07-23T20:27:50 EDT" name="setUpAutomation" finished-at="2022-07-23T20:27:50 EDT" duration-ms="1" status="PASS">
          <reporter-output>
          </reporter-output>
        </test-method> <!-- setUpAutomation -->
        <test-method is-config="true" signature="setUp(boolean,java.lang.String,java.lang.String,java.lang.String,java.lang.String,java.lang.String,java.lang.String)[pri:0, instance:com.ebay.testPages.HomePageTest.HomePageNewTest@909217e]" started-at="2022-07-23T20:27:50 EDT" name="setUp" finished-at="2022-07-23T20:27:53 EDT" duration-ms="3724" status="PASS">
          <params>
            <param index="0">
              <value>
                <![CDATA[false]]>
              </value>
            </param>
            <param index="1">
              <value>
                <![CDATA[browserStack]]>
              </value>
            </param>
            <param index="2">
              <value>
                <![CDATA[windows]]>
              </value>
            </param>
            <param index="3">
              <value>
                <![CDATA[10]]>
              </value>
            </param>
            <param index="4">
              <value>
                <![CDATA[chrome]]>
              </value>
            </param>
            <param index="5">
              <value>
                <![CDATA[103]]>
              </value>
            </param>
            <param index="6">
              <value>
                <![CDATA[https://www.ebay.com/]]>
              </value>
            </param>
          </params>
          <reporter-output>
            <line>
              <![CDATA[Browser : chrome]]>
            </line>
            <line>
              <![CDATA[Url : https://www.ebay.com/]]>
            </line>
          </reporter-output>
        </test-method> <!-- setUp -->
        <test-method is-config="true" signature="startExtent(java.lang.reflect.Method)[pri:0, instance:com.ebay.testPages.HomePageTest.HomePageNewTest@909217e]" started-at="2022-07-23T20:27:53 EDT" name="startExtent" finished-at="2022-07-23T20:27:53 EDT" duration-ms="10" status="PASS">
          <params>
            <param index="0">
              <value>
                <![CDATA[public void com.ebay.testPages.HomePageTest.HomePageNewTest.verifyCostcoSearchBox() throws java.lang.InterruptedException]]>
              </value>
            </param>
          </params>
          <reporter-output>
          </reporter-output>
        </test-method> <!-- startExtent -->
        <test-method is-config="true" signature="getInit()[pri:0, instance:com.ebay.testPages.HomePageTest.HomePageNewTest@909217e]" started-at="2022-07-23T20:27:53 EDT" name="getInit" finished-at="2022-07-23T20:27:53 EDT" duration-ms="47" status="PASS">
          <reporter-output>
          </reporter-output>
        </test-method> <!-- getInit -->
        <test-method signature="verifyCostcoSearchBox()[pri:0, instance:com.ebay.testPages.HomePageTest.HomePageNewTest@909217e]" started-at="2022-07-23T20:27:53 EDT" name="verifyCostcoSearchBox" finished-at="2022-07-23T20:28:13 EDT" duration-ms="19187" status="PASS">
          <reporter-output>
          </reporter-output>
        </test-method> <!-- verifyCostcoSearchBox -->
        <test-method is-config="true" signature="afterEachTestMethod(org.testng.ITestResult)[pri:0, instance:com.ebay.testPages.HomePageTest.HomePageNewTest@909217e]" started-at="2022-07-23T20:28:13 EDT" name="afterEachTestMethod" finished-at="2022-07-23T20:28:13 EDT" duration-ms="279" status="PASS">
          <params>
            <param index="0">
              <value>
                <![CDATA[[TestResult name=verifyCostcoSearchBox status=SUCCESS method=HomePageNewTest.verifyCostcoSearchBox()[pri:0, instance:com.ebay.testPages.HomePageTest.HomePageNewTest@909217e] output={null}]]]>
              </value>
            </param>
          </params>
          <reporter-output>
          </reporter-output>
        </test-method> <!-- afterEachTestMethod -->
        <test-method is-config="true" signature="tearDownAutomation()[pri:0, instance:com.ebay.testPages.HomePageTest.HomePageNewTest@909217e]" started-at="2022-07-23T20:28:13 EDT" name="tearDownAutomation" finished-at="2022-07-23T20:28:14 EDT" duration-ms="872" status="PASS">
          <reporter-output>
          </reporter-output>
        </test-method> <!-- tearDownAutomation -->
        <test-method is-config="true" signature="generateReport()[pri:0, instance:com.ebay.testPages.HomePageTest.HomePageNewTest@909217e]" started-at="2022-07-23T20:28:14 EDT" name="generateReport" finished-at="2022-07-23T20:28:14 EDT" duration-ms="38" status="PASS">
          <reporter-output>
          </reporter-output>
        </test-method> <!-- generateReport -->
      </class> <!-- com.ebay.testPages.HomePageTest.HomePageNewTest -->
    </test> <!-- ebay Web Automation -->
  </suite> <!-- ebay Test Suite -->
</testng-results>
